Failed to load condition daemon /kungfu/condition/job_busy, removed from /clone/user/user#3234867 ("√Œ–«")
Error: 0
Current conditions:([ /* sizeof() == 1 */
  "job_busy" : 45,
])
Failed to load condition daemon /kungfu/condition/job_busy, removed from /clone/user/user#3254412 ("“¡¿˚µ§")
Error: 0
Current conditions:([ /* sizeof() == 1 */
  "job_busy" : 45,
])
Failed to load condition daemon /kungfu/condition/job_busy, removed from /clone/user/user#3234867 ("√Œ–«")
Error: 0
Current conditions:([ /* sizeof() == 1 */
  "job_busy" : 45,
])
Failed to load condition daemon /kungfu/condition/job_busy, removed from /clone/user/user#3254412 ("“¡¿˚µ§")
Error: 0
Current conditions:([ /* sizeof() == 1 */
  "job_busy" : 45,
])
Failed to load condition daemon /kungfu/condition/job_busy, removed from /clone/user/user#3254412 ("“¡¿˚µ§")
Error: 0
Current conditions:([ /* sizeof() == 1 */
  "job_busy" : 45,
])
Failed to load condition daemon /kungfu/condition/job_busy, removed from /clone/user/user#3234867 ("√Œ–«")
Error: 0
Current conditions:([ /* sizeof() == 1 */
  "job_busy" : 45,
])
Failed to load condition daemon /kungfu/condition/job_busy, removed from /clone/user/user#3254412 ("“¡¿˚µ§")
Error: 0
Current conditions:([ /* sizeof() == 1 */
  "job_busy" : 45,
])
Failed to load condition daemon /kungfu/condition/job_busy, removed from /clone/user/user#3234867 ("√Œ–«")
Error: 0
Current conditions:([ /* sizeof() == 1 */
  "job_busy" : 45,
])
Failed to load condition daemon /kungfu/condition/job_busy, removed from /clone/user/user#3234867 ("√Œ–«")
Error: 0
Current conditions:([ /* sizeof() == 1 */
  "job_busy" : 45,
])
Failed to load condition daemon /kungfu/condition/job_busy, removed from /clone/user/user#3254412 ("“¡¿˚µ§")
Error: 0
Current conditions:([ /* sizeof() == 1 */
  "job_busy" : 45,
])
Failed to load condition daemon /kungfu/condition/job_busy, removed from /clone/user/user#3199378 ("∂…∫˙")
Error: 0
Current conditions:([ /* sizeof() == 1 */
  "job_busy" : 45,
])
Failed to load condition daemon /kungfu/condition/job_busy, removed from /clone/user/user#3349465 ("“¡¿˚µ§")
Error: 0
Current conditions:([ /* sizeof() == 2 */
  "job_busy" : 45,
  "putizi_drug" : 549,
])
Failed to load condition daemon /kungfu/condition/job_busy, removed from /clone/user/user#3301559 ("√Œ–«")
Error: 0
Current conditions:([ /* sizeof() == 1 */
  "job_busy" : 45,
])
Failed to load condition daemon /kungfu/condition/job_busy, removed from /clone/user/user#3301559 ("√Œ–«")
Error: 0
Current conditions:([ /* sizeof() == 1 */
  "job_busy" : 45,
])
Failed to load condition daemon /kungfu/condition/job_busy, removed from /clone/user/user#3199378 ("∂…∫˙")
Error: 0
Current conditions:([ /* sizeof() == 1 */
  "job_busy" : 45,
])
Failed to load condition daemon /kungfu/condition/job_busy, removed from /clone/user/user#3301559 ("√Œ–«")
Error: 0
Current conditions:([ /* sizeof() == 2 */
  "job_busy" : 45,
  "medicine" : 3,
])
Failed to load condition daemon /kungfu/condition/job_busy, removed from /clone/user/user#3349465 ("“¡¿˚µ§")
Error: 0
Current conditions:([ /* sizeof() == 2 */
  "job_busy" : 45,
  "putizi_drug" : 509,
])
Failed to load condition daemon /kungfu/condition/job_busy, removed from /clone/user/user#3199378 ("∂…∫˙")
Error: 0
Current conditions:([ /* sizeof() == 1 */
  "job_busy" : 45,
])
Failed to load condition daemon /kungfu/condition/job_busy, removed from /clone/user/user#3349465 ("“¡¿˚µ§")
Error: 0
Current conditions:([ /* sizeof() == 3 */
  "job_busy" : 45,
  "medicine" : 2,
  "putizi_drug" : 477,
])
Failed to load condition daemon /kungfu/condition/job_busy, removed from /clone/user/user#3199378 ("∂…∫˙")
Error: 0
Current conditions:([ /* sizeof() == 2 */
  "job_busy" : 45,
  "medicine" : 1,
])
Failed to load condition daemon /kungfu/condition/job_busy, removed from /clone/user/user#3301559 ("√Œ–«")
Error: 0
Current conditions:([ /* sizeof() == 2 */
  "job_busy" : 45,
  "medicine" : 1,
])
Failed to load condition daemon /kungfu/condition/job_busy, removed from /clone/user/user#3199378 ("∂…∫˙")
Error: 0
Current conditions:([ /* sizeof() == 1 */
  "job_busy" : 45,
])
Failed to load condition daemon /kungfu/condition/job_busy, removed from /clone/user/user#3301559 ("√Œ–«")
Error: 0
Current conditions:([ /* sizeof() == 1 */
  "job_busy" : 45,
])
Failed to load condition daemon /kungfu/condition/job_busy, removed from /clone/user/user#3349465 ("“¡¿˚µ§")
Error: 0
Current conditions:([ /* sizeof() == 2 */
  "job_busy" : 45,
  "putizi_drug" : 461,
])
Failed to load condition daemon /kungfu/condition/job_busy, removed from /clone/user/user#3199378 ("∂…∫˙")
Error: 0
Current conditions:([ /* sizeof() == 2 */
  "job_busy" : 45,
  "putizi_drug" : 727,
])
Failed to load condition daemon /kungfu/condition/job_busy, removed from /clone/user/user#3409924 ("√Œ–«")
Error: 0
Current conditions:([ /* sizeof() == 1 */
  "job_busy" : 45,
])
Failed to load condition daemon /kungfu/condition/job_busy, removed from /clone/user/user#3409924 ("√Œ–«")
Error: 0
Current conditions:([ /* sizeof() == 1 */
  "job_busy" : 45,
])
Failed to load condition daemon /kungfu/condition/job_busy, removed from /clone/user/user#3199378 ("∂…∫˙")
Error: 0
Current conditions:([ /* sizeof() == 2 */
  "job_busy" : 45,
  "putizi_drug" : 703,
])
Failed to load condition daemon /kungfu/condition/job_busy, removed from /clone/user/user#3409924 ("√Œ–«")
Error: 0
Current conditions:([ /* sizeof() == 2 */
  "job_busy" : 45,
  "medicine" : 4,
])
Failed to load condition daemon /kungfu/condition/job_busy, removed from /clone/user/user#3199378 ("∂…∫˙")
Error: 0
Current conditions:([ /* sizeof() == 2 */
  "job_busy" : 45,
  "putizi_drug" : 685,
])
Failed to load condition daemon /kungfu/condition/job_busy, removed from /clone/user/user#3199378 ("∂…∫˙")
Error: 0
Current conditions:([ /* sizeof() == 2 */
  "job_busy" : 45,
  "putizi_drug" : 668,
])
Failed to load condition daemon /kungfu/condition/job_busy, removed from /clone/user/user#3409924 ("√Œ–«")
Error: 0
Current conditions:([ /* sizeof() == 2 */
  "job_busy" : 45,
  "medicine" : 4,
])
Failed to load condition daemon /kungfu/condition/job_busy, removed from /clone/user/user#3409924 ("√Œ–«")
Error: 0
Current conditions:([ /* sizeof() == 1 */
  "job_busy" : 45,
])
Failed to load condition daemon /kungfu/condition/job_busy, removed from /clone/user/user#3199378 ("∂…∫˙")
Error: 0
Current conditions:([ /* sizeof() == 2 */
  "job_busy" : 45,
  "putizi_drug" : 651,
])
Failed to load condition daemon /kungfu/condition/job_busy, removed from /clone/user/user#3544072 ("∂…∫˙")
Error: 0
Current conditions:([ /* sizeof() == 1 */
  "job_busy" : 45,
])
Failed to load condition daemon /kungfu/condition/job_busy, removed from /clone/user/user#3603051 ("“¡¿˚µ§")
Error: 0
Current conditions:([ /* sizeof() == 1 */
  "job_busy" : 45,
])
Failed to load condition daemon /kungfu/condition/job_busy, removed from /clone/user/user#3563701 ("√Œ–«")
Error: 0
Current conditions:([ /* sizeof() == 1 */
  "job_busy" : 45,
])
Failed to load condition daemon /kungfu/condition/job_busy, removed from /clone/user/user#3603051 ("“¡¿˚µ§")
Error: 0
Current conditions:([ /* sizeof() == 1 */
  "job_busy" : 45,
])
Failed to load condition daemon /kungfu/condition/job_busy, removed from /clone/user/user#3544072 ("∂…∫˙")
Error: 0
Current conditions:([ /* sizeof() == 1 */
  "job_busy" : 45,
])
Failed to load condition daemon /kungfu/condition/job_busy, removed from /clone/user/user#3563701 ("√Œ–«")
Error: 0
Current conditions:([ /* sizeof() == 1 */
  "job_busy" : 45,
])
Failed to load condition daemon /kungfu/condition/job_busy, removed from /clone/user/user#3563701 ("√Œ–«")
Error: 0
Current conditions:([ /* sizeof() == 2 */
  "job_busy" : 45,
  "medicine" : 5,
])
Failed to load condition daemon /kungfu/condition/job_busy, removed from /clone/user/user#3603051 ("“¡¿˚µ§")
Error: 0
Current conditions:([ /* sizeof() == 1 */
  "job_busy" : 45,
])
Failed to load condition daemon /kungfu/condition/job_busy, removed from /clone/user/user#3544072 ("∂…∫˙")
Error: 0
Current conditions:([ /* sizeof() == 1 */
  "job_busy" : 45,
])
Failed to load condition daemon /kungfu/condition/job_busy, removed from /clone/user/user#3563701 ("√Œ–«")
Error: 0
Current conditions:([ /* sizeof() == 1 */
  "job_busy" : 45,
])
Failed to load condition daemon /kungfu/condition/job_busy, removed from /clone/user/user#3544072 ("∂…∫˙")
Error: 0
Current conditions:([ /* sizeof() == 1 */
  "job_busy" : 45,
])
Failed to load condition daemon /kungfu/condition/job_busy, removed from /clone/user/user#3603051 ("“¡¿˚µ§")
Error: 0
Current conditions:([ /* sizeof() == 1 */
  "job_busy" : 45,
])
Failed to load condition daemon /kungfu/condition/job_busy, removed from /clone/user/user#3563701 ("√Œ–«")
Error: 0
Current conditions:([ /* sizeof() == 1 */
  "job_busy" : 45,
])
Failed to load condition daemon /kungfu/condition/job_busy, removed from /clone/user/user#3603051 ("“¡¿˚µ§")
Error: 0
Current conditions:([ /* sizeof() == 2 */
  "job_busy" : 45,
  "medicine" : 1,
])
Failed to load condition daemon /kungfu/condition/job_busy, removed from /clone/user/user#3544072 ("∂…∫˙")
Error: 0
Current conditions:([ /* sizeof() == 1 */
  "job_busy" : 45,
])
Failed to load condition daemon /kungfu/condition/job_busy, removed from /clone/user/user#3563701 ("√Œ–«")
Error: 0
Current conditions:([ /* sizeof() == 1 */
  "job_busy" : 45,
])
Failed to load condition daemon /kungfu/condition/job_busy, removed from /clone/user/user#3544072 ("∂…∫˙")
Error: 0
Current conditions:([ /* sizeof() == 2 */
  "job_busy" : 45,
  "medicine" : 2,
])
Failed to load condition daemon /kungfu/condition/job_busy, removed from /clone/user/user#3563701 ("√Œ–«")
Error: 0
Current conditions:([ /* sizeof() == 1 */
  "job_busy" : 45,
])
Failed to load condition daemon /kungfu/condition/job_busy, removed from /clone/user/user#3544072 ("∂…∫˙")
Error: 0
Current conditions:([ /* sizeof() == 2 */
  "job_busy" : 45,
  "medicine" : 4,
])
Failed to load condition daemon /kungfu/condition/job_busy, removed from /clone/user/user#3544072 ("∂…∫˙")
Error: 0
Current conditions:([ /* sizeof() == 1 */
  "job_busy" : 45,
])
Failed to load condition daemon /kungfu/condition/job_busy, removed from /clone/user/user#3563701 ("√Œ–«")
Error: 0
Current conditions:([ /* sizeof() == 2 */
  "job_busy" : 45,
  "medicine" : 4,
])
Failed to load condition daemon /kungfu/condition/job_busy, removed from /clone/user/user#3563701 ("√Œ–«")
Error: 0
Current conditions:([ /* sizeof() == 1 */
  "job_busy" : 45,
])
Failed to load condition daemon /kungfu/condition/job_busy, removed from /clone/user/user#3544072 ("∂…∫˙")
Error: 0
Current conditions:([ /* sizeof() == 1 */
  "job_busy" : 45,
])
Failed to load condition daemon /kungfu/condition/job_busy, removed from /clone/user/user#3544072 ("∂…∫˙")
Error: 0
Current conditions:([ /* sizeof() == 1 */
  "job_busy" : 45,
])
Failed to load condition daemon /kungfu/condition/job_busy, removed from /clone/user/user#3563701 ("√Œ–«")
Error: 0
Current conditions:([ /* sizeof() == 1 */
  "job_busy" : 45,
])
Failed to load condition daemon /kungfu/condition/job_busy, removed from /clone/user/user#3703628 ("∂¿π¬¬‹¿Ú")
Error: 0
Current conditions:([ /* sizeof() == 2 */
  "job_busy" : 45,
  "putizi_drug" : 862,
])
Failed to load condition daemon /kungfu/condition/job_busy, removed from /clone/user/user#3707851 ("“¡¿˚µ§")
Error: 0
Current conditions:([ /* sizeof() == 2 */
  "job_busy" : 45,
  "medicine" : 3,
])
Failed to load condition daemon /kungfu/condition/job_busy, removed from /clone/user/user#3707851 ("“¡¿˚µ§")
Error: 0
Current conditions:([ /* sizeof() == 1 */
  "job_busy" : 45,
])
Failed to load condition daemon /kungfu/condition/job_busy, removed from /clone/user/user#3703628 ("∂¿π¬¬‹¿Ú")
Error: 0
Current conditions:([ /* sizeof() == 2 */
  "job_busy" : 45,
  "putizi_drug" : 838,
])
Failed to load condition daemon /kungfu/condition/job_busy, removed from /clone/user/user#3707851 ("“¡¿˚µ§")
Error: 0
Current conditions:([ /* sizeof() == 1 */
  "job_busy" : 45,
])
Failed to load condition daemon /kungfu/condition/job_busy, removed from /clone/user/user#3703628 ("∂¿π¬¬‹¿Ú")
Error: 0
Current conditions:([ /* sizeof() == 2 */
  "job_busy" : 45,
  "putizi_drug" : 819,
])
Failed to load condition daemon /kungfu/condition/job_busy, removed from /clone/user/user#3703628 ("∂¿π¬¬‹¿Ú")
Error: 0
Current conditions:([ /* sizeof() == 2 */
  "job_busy" : 45,
  "putizi_drug" : 802,
])
Failed to load condition daemon /kungfu/condition/job_busy, removed from /clone/user/user#3707851 ("“¡¿˚µ§")
Error: 0
Current conditions:([ /* sizeof() == 1 */
  "job_busy" : 45,
])
Failed to load condition daemon /kungfu/condition/job_busy, removed from /clone/user/user#3707851 ("“¡¿˚µ§")
Error: 0
Current conditions:([ /* sizeof() == 1 */
  "job_busy" : 45,
])
Failed to load condition daemon /kungfu/condition/job_busy, removed from /clone/user/user#3703628 ("∂¿π¬¬‹¿Ú")
Error: 0
Current conditions:([ /* sizeof() == 2 */
  "job_busy" : 45,
  "putizi_drug" : 618,
])
Failed to load condition daemon /kungfu/condition/job_busy, removed from /clone/user/user#3784881 ("∂…∫˙")
Error: 0
Current conditions:([ /* sizeof() == 1 */
  "job_busy" : 45,
])
Failed to load condition daemon /kungfu/condition/job_busy, removed from /clone/user/user#3719923 ("√Œ–«")
Error: 0
Current conditions:([ /* sizeof() == 2 */
  "job_busy" : 45,
  "medicine" : 2,
])
Failed to load condition daemon /kungfu/condition/job_busy, removed from /clone/user/user#3719923 ("√Œ–«")
Error: 0
Current conditions:([ /* sizeof() == 1 */
  "job_busy" : 45,
])
Failed to load condition daemon /kungfu/condition/job_busy, removed from /clone/user/user#3784881 ("∂…∫˙")
Error: 0
Current conditions:([ /* sizeof() == 1 */
  "job_busy" : 45,
])
Failed to load condition daemon /kungfu/condition/job_busy, removed from /clone/user/user#3719923 ("√Œ–«")
Error: 0
Current conditions:([ /* sizeof() == 1 */
  "job_busy" : 45,
])
Failed to load condition daemon /kungfu/condition/job_busy, removed from /clone/user/user#3784881 ("∂…∫˙")
Error: 0
Current conditions:([ /* sizeof() == 1 */
  "job_busy" : 45,
])
Failed to load condition daemon /kungfu/condition/job_busy, removed from /clone/user/user#3719923 ("√Œ–«")
Error: 0
Current conditions:([ /* sizeof() == 2 */
  "job_busy" : 45,
  "medicine" : 4,
])
Failed to load condition daemon /kungfu/condition/job_busy, removed from /clone/user/user#3784881 ("∂…∫˙")
Error: 0
Current conditions:([ /* sizeof() == 1 */
  "job_busy" : 45,
])
Failed to load condition daemon /kungfu/condition/job_busy, removed from /clone/user/user#3719923 ("√Œ–«")
Error: 0
Current conditions:([ /* sizeof() == 1 */
  "job_busy" : 45,
])
Failed to load condition daemon /kungfu/condition/job_busy, removed from /clone/user/user#3784881 ("∂…∫˙")
Error: 0
Current conditions:([ /* sizeof() == 1 */
  "job_busy" : 45,
])
Failed to load condition daemon /kungfu/condition/job_busy, removed from /clone/user/user#3848725 ("“¡¿˚µ§")
Error: 0
Current conditions:([ /* sizeof() == 1 */
  "job_busy" : 45,
])
Failed to load condition daemon /kungfu/condition/job_busy, removed from /clone/user/user#3817700 ("∂¿π¬¬‹¿Ú")
Error: 0
Current conditions:([ /* sizeof() == 2 */
  "job_busy" : 45,
  "putizi_drug" : 542,
])
Failed to load condition daemon /kungfu/condition/job_busy, removed from /clone/user/user#3817700 ("∂¿π¬¬‹¿Ú")
Error: 0
Current conditions:([ /* sizeof() == 3 */
  "job_busy" : 45,
  "medicine" : 1,
  "putizi_drug" : 486,
])
Failed to load condition daemon /kungfu/condition/job_busy, removed from /clone/user/user#3848725 ("“¡¿˚µ§")
Error: 0
Current conditions:([ /* sizeof() == 1 */
  "job_busy" : 45,
])
Failed to load condition daemon /kungfu/condition/job_busy, removed from /clone/user/user#3848725 ("“¡¿˚µ§")
Error: 0
Current conditions:([ /* sizeof() == 1 */
  "job_busy" : 45,
])
Failed to load condition daemon /kungfu/condition/job_busy, removed from /clone/user/user#3817700 ("∂¿π¬¬‹¿Ú")
Error: 0
Current conditions:([ /* sizeof() == 3 */
  "job_busy" : 45,
  "medicine" : 4,
  "putizi_drug" : 463,
])
Failed to load condition daemon /kungfu/condition/job_busy, removed from /clone/user/user#3876810 ("∂¿π¬¬‹¿Ú")
Error: 0
Current conditions:([ /* sizeof() == 2 */
  "job_busy" : 45,
  "putizi_drug" : 433,
])
Failed to load condition daemon /kungfu/condition/job_busy, removed from /clone/user/user#3848725 ("“¡¿˚µ§")
Error: 0
Current conditions:([ /* sizeof() == 1 */
  "job_busy" : 45,
])
Failed to load condition daemon /kungfu/condition/job_busy, removed from /clone/user/user#3876810 ("∂¿π¬¬‹¿Ú")
Error: 0
Current conditions:([ /* sizeof() == 2 */
  "job_busy" : 45,
  "putizi_drug" : 416,
])
Failed to load condition daemon /kungfu/condition/job_busy, removed from /clone/user/user#3848725 ("“¡¿˚µ§")
Error: 0
Current conditions:([ /* sizeof() == 1 */
  "job_busy" : 45,
])
Failed to load condition daemon /kungfu/condition/job_busy, removed from /clone/user/user#3963338 ("∂¿π¬¬‹¿Ú")
Error: 0
Current conditions:([ /* sizeof() == 2 */
  "job_busy" : 45,
  "putizi_drug" : 858,
])
Failed to load condition daemon /kungfu/condition/job_busy, removed from /clone/user/user#3984845 ("“¡¿˚µ§")
Error: 0
Current conditions:([ /* sizeof() == 1 */
  "job_busy" : 45,
])
Failed to load condition daemon /kungfu/condition/job_busy, removed from /clone/user/user#3963338 ("∂¿π¬¬‹¿Ú")
Error: 0
Current conditions:([ /* sizeof() == 2 */
  "job_busy" : 45,
  "putizi_drug" : 831,
])
Failed to load condition daemon /kungfu/condition/job_busy, removed from /clone/user/user#3984845 ("“¡¿˚µ§")
Error: 0
Current conditions:([ /* sizeof() == 1 */
  "job_busy" : 45,
])
Failed to load condition daemon /kungfu/condition/job_busy, removed from /clone/user/user#3963338 ("∂¿π¬¬‹¿Ú")
Error: 0
Current conditions:([ /* sizeof() == 2 */
  "job_busy" : 45,
  "putizi_drug" : 795,
])
Failed to load condition daemon /kungfu/condition/job_busy, removed from /clone/user/user#3984845 ("“¡¿˚µ§")
Error: 0
Current conditions:([ /* sizeof() == 1 */
  "job_busy" : 45,
])
Failed to load condition daemon /kungfu/condition/job_busy, removed from /clone/user/user#3984613 ("√Œ–«")
Error: 0
Current conditions:([ /* sizeof() == 2 */
  "job_busy" : 45,
  "medicine" : 1,
])
Failed to load condition daemon /kungfu/condition/job_busy, removed from /clone/user/user#3864413 ("∂…∫˙")
Error: 0
Current conditions:([ /* sizeof() == 1 */
  "job_busy" : 45,
])
Failed to load condition daemon /kungfu/condition/job_busy, removed from /clone/user/user#3984845 ("“¡¿˚µ§")
Error: 0
Current conditions:([ /* sizeof() == 1 */
  "job_busy" : 45,
])
Failed to load condition daemon /kungfu/condition/job_busy, removed from /clone/user/user#3963338 ("∂¿π¬¬‹¿Ú")
Error: 0
Current conditions:([ /* sizeof() == 2 */
  "job_busy" : 45,
  "putizi_drug" : 775,
])
Failed to load condition daemon /kungfu/condition/job_busy, removed from /clone/user/user#3864413 ("∂…∫˙")
Error: 0
Current conditions:([ /* sizeof() == 1 */
  "job_busy" : 45,
])
Failed to load condition daemon /kungfu/condition/job_busy, removed from /clone/user/user#3984613 ("√Œ–«")
Error: 0
Current conditions:([ /* sizeof() == 1 */
  "job_busy" : 45,
])
Failed to load condition daemon /kungfu/condition/job_busy, removed from /clone/user/user#3984845 ("“¡¿˚µ§")
Error: 0
Current conditions:([ /* sizeof() == 1 */
  "job_busy" : 45,
])
Failed to load condition daemon /kungfu/condition/job_busy, removed from /clone/user/user#3963338 ("∂¿π¬¬‹¿Ú")
Error: 0
Current conditions:([ /* sizeof() == 2 */
  "job_busy" : 45,
  "putizi_drug" : 753,
])
Failed to load condition daemon /kungfu/condition/job_busy, removed from /clone/user/user#3864413 ("∂…∫˙")
Error: 0
Current conditions:([ /* sizeof() == 1 */
  "job_busy" : 45,
])
Failed to load condition daemon /kungfu/condition/job_busy, removed from /clone/user/user#3984613 ("√Œ–«")
Error: 0
Current conditions:([ /* sizeof() == 2 */
  "job_busy" : 45,
  "medicine" : 2,
])
Failed to load condition daemon /kungfu/condition/job_busy, removed from /clone/user/user#3864413 ("∂…∫˙")
Error: 0
Current conditions:([ /* sizeof() == 1 */
  "job_busy" : 45,
])
Failed to load condition daemon /kungfu/condition/job_busy, removed from /clone/user/user#3984613 ("√Œ–«")
Error: 0
Current conditions:([ /* sizeof() == 1 */
  "job_busy" : 45,
])
Failed to load condition daemon /kungfu/condition/job_busy, removed from /clone/user/user#3864413 ("∂…∫˙")
Error: 0
Current conditions:([ /* sizeof() == 2 */
  "job_busy" : 45,
  "medicine" : 3,
])
Failed to load condition daemon /kungfu/condition/job_busy, removed from /clone/user/user#3984613 ("√Œ–«")
Error: 0
Current conditions:([ /* sizeof() == 1 */
  "job_busy" : 45,
])
Failed to load condition daemon /kungfu/condition/job_busy, removed from /clone/user/user#4098263 ("√Œ–«")
Error: 0
Current conditions:([ /* sizeof() == 1 */
  "job_busy" : 45,
])
Failed to load condition daemon /kungfu/condition/job_busy, removed from /clone/user/user#4095016 ("∂¿π¬¬‹¿Ú")
Error: 0
Current conditions:([ /* sizeof() == 2 */
  "job_busy" : 45,
  "putizi_drug" : 305,
])
Failed to load condition daemon /kungfu/condition/job_busy, removed from /clone/user/user#4098263 ("√Œ–«")
Error: 0
Current conditions:([ /* sizeof() == 2 */
  "job_busy" : 45,
  "medicine" : 1,
])
Failed to load condition daemon /kungfu/condition/job_busy, removed from /clone/user/user#4095016 ("∂¿π¬¬‹¿Ú")
Error: 0
Current conditions:([ /* sizeof() == 2 */
  "job_busy" : 45,
  "putizi_drug" : 267,
])
Failed to load condition daemon /kungfu/condition/job_busy, removed from /clone/user/user#4098263 ("√Œ–«")
Error: 0
Current conditions:([ /* sizeof() == 1 */
  "job_busy" : 45,
])
Failed to load condition daemon /kungfu/condition/job_busy, removed from /clone/user/user#4095016 ("∂¿π¬¬‹¿Ú")
Error: 0
Current conditions:([ /* sizeof() == 2 */
  "job_busy" : 45,
  "putizi_drug" : 252,
])
Failed to load condition daemon /kungfu/condition/job_busy, removed from /clone/user/user#4095016 ("∂¿π¬¬‹¿Ú")
Error: 0
Current conditions:([ /* sizeof() == 2 */
  "job_busy" : 45,
  "putizi_drug" : 240,
])
Failed to load condition daemon /kungfu/condition/job_busy, removed from /clone/user/user#4098263 ("√Œ–«")
Error: 0
Current conditions:([ /* sizeof() == 1 */
  "job_busy" : 45,
])
Failed to load condition daemon /kungfu/condition/job_busy, removed from /clone/user/user#4095016 ("∂¿π¬¬‹¿Ú")
Error: 0
Current conditions:([ /* sizeof() == 2 */
  "job_busy" : 45,
  "putizi_drug" : 210,
])
Failed to load condition daemon /kungfu/condition/job_busy, removed from /clone/user/user#4098263 ("√Œ–«")
Error: 0
Current conditions:([ /* sizeof() == 2 */
  "job_busy" : 45,
  "medicine" : 3,
])
Failed to load condition daemon /kungfu/condition/job_busy, removed from /clone/user/user#4184413 ("√Œ–«")
Error: 0
Current conditions:([ /* sizeof() == 1 */
  "job_busy" : 45,
])
Failed to load condition daemon /kungfu/condition/job_busy, removed from /clone/user/user#4145718 ("∂¿π¬¬‹¿Ú")
Error: 0
Current conditions:([ /* sizeof() == 1 */
  "job_busy" : 45,
])
Failed to load condition daemon /kungfu/condition/job_busy, removed from /clone/user/user#4184413 ("√Œ–«")
Error: 0
Current conditions:([ /* sizeof() == 1 */
  "job_busy" : 45,
])
Failed to load condition daemon /kungfu/condition/job_busy, removed from /clone/user/user#4145718 ("∂¿π¬¬‹¿Ú")
Error: 0
Current conditions:([ /* sizeof() == 1 */
  "job_busy" : 45,
])
Failed to load condition daemon /kungfu/condition/job_busy, removed from /clone/user/user#4184413 ("√Œ–«")
Error: 0
Current conditions:([ /* sizeof() == 1 */
  "job_busy" : 45,
])
Failed to load condition daemon /kungfu/condition/job_busy, removed from /clone/user/user#4145718 ("∂¿π¬¬‹¿Ú")
Error: 0
Current conditions:([ /* sizeof() == 1 */
  "job_busy" : 45,
])
Failed to load condition daemon /kungfu/condition/job_busy, removed from /clone/user/user#4145718 ("∂¿π¬¬‹¿Ú")
Error: 0
Current conditions:([ /* sizeof() == 1 */
  "job_busy" : 45,
])
Failed to load condition daemon /kungfu/condition/job_busy, removed from /clone/user/user#4184413 ("√Œ–«")
Error: 0
Current conditions:([ /* sizeof() == 2 */
  "job_busy" : 45,
  "medicine" : 2,
])
Failed to load condition daemon /kungfu/condition/job_busy, removed from /clone/user/user#4145718 ("∂¿π¬¬‹¿Ú")
Error: 0
Current conditions:([ /* sizeof() == 1 */
  "job_busy" : 45,
])
Failed to load condition daemon /kungfu/condition/job_busy, removed from /clone/user/user#4184413 ("√Œ–«")
Error: 0
Current conditions:([ /* sizeof() == 1 */
  "job_busy" : 45,
])
Failed to load condition daemon /kungfu/condition/job_busy, removed from /clone/user/user#4293924 ("√Œ–«")
Error: 0
Current conditions:([ /* sizeof() == 1 */
  "job_busy" : 45,
])
Failed to load condition daemon /kungfu/condition/job_busy, removed from /clone/user/user#4243701 ("∂¿π¬¬‹¿Ú")
Error: 0
Current conditions:([ /* sizeof() == 1 */
  "job_busy" : 45,
])
Failed to load condition daemon /kungfu/condition/job_busy, removed from /clone/user/user#4315396 ("“¡¿˚µ§")
Error: 0
Current conditions:([ /* sizeof() == 1 */
  "job_busy" : 45,
])
Failed to load condition daemon /kungfu/condition/job_busy, removed from /clone/user/user#4315396 ("“¡¿˚µ§")
Error: 0
Current conditions:([ /* sizeof() == 1 */
  "job_busy" : 45,
])
Failed to load condition daemon /kungfu/condition/job_busy, removed from /clone/user/user#4243701 ("∂¿π¬¬‹¿Ú")
Error: 0
Current conditions:([ /* sizeof() == 1 */
  "job_busy" : 45,
])
Failed to load condition daemon /kungfu/condition/job_busy, removed from /clone/user/user#4293924 ("√Œ–«")
Error: 0
Current conditions:([ /* sizeof() == 1 */
  "job_busy" : 45,
])
Failed to load condition daemon /kungfu/condition/job_busy, removed from /clone/user/user#4315396 ("“¡¿˚µ§")
Error: 0
Current conditions:([ /* sizeof() == 1 */
  "job_busy" : 45,
])
Failed to load condition daemon /kungfu/condition/job_busy, removed from /clone/user/user#4293924 ("√Œ–«")
Error: 0
Current conditions:([ /* sizeof() == 1 */
  "job_busy" : 45,
])
Failed to load condition daemon /kungfu/condition/job_busy, removed from /clone/user/user#4243701 ("∂¿π¬¬‹¿Ú")
Error: 0
Current conditions:([ /* sizeof() == 1 */
  "job_busy" : 45,
])
Failed to load condition daemon /kungfu/condition/job_busy, removed from /clone/user/user#4315396 ("“¡¿˚µ§")
Error: 0
Current conditions:([ /* sizeof() == 1 */
  "job_busy" : 45,
])
Failed to load condition daemon /kungfu/condition/job_busy, removed from /clone/user/user#4243701 ("∂¿π¬¬‹¿Ú")
Error: 0
Current conditions:([ /* sizeof() == 1 */
  "job_busy" : 45,
])
Failed to load condition daemon /kungfu/condition/job_busy, removed from /clone/user/user#4293924 ("√Œ–«")
Error: 0
Current conditions:([ /* sizeof() == 1 */
  "job_busy" : 45,
])
Failed to load condition daemon /kungfu/condition/job_busy, removed from /clone/user/user#4243701 ("∂¿π¬¬‹¿Ú")
Error: 0
Current conditions:([ /* sizeof() == 1 */
  "job_busy" : 45,
])
Failed to load condition daemon /kungfu/condition/job_busy, removed from /clone/user/user#4315396 ("“¡¿˚µ§")
Error: 0
Current conditions:([ /* sizeof() == 2 */
  "job_busy" : 45,
  "medicine" : 2,
])
Failed to load condition daemon /kungfu/condition/job_busy, removed from /clone/user/user#4293924 ("√Œ–«")
Error: 0
Current conditions:([ /* sizeof() == 2 */
  "job_busy" : 45,
  "medicine" : 1,
])
Failed to load condition daemon /kungfu/condition/job_busy, removed from /clone/user/user#4426813 ("“¡¿˚µ§")
Error: 0
Current conditions:([ /* sizeof() == 1 */
  "job_busy" : 45,
])
Failed to load condition daemon /kungfu/condition/job_busy, removed from /clone/user/user#4374925 ("∂¿π¬¬‹¿Ú")
Error: 0
Current conditions:([ /* sizeof() == 1 */
  "job_busy" : 45,
])
Failed to load condition daemon /kungfu/condition/job_busy, removed from /clone/user/user#4374925 ("∂¿π¬¬‹¿Ú")
Error: 0
Current conditions:([ /* sizeof() == 1 */
  "job_busy" : 45,
])
Failed to load condition daemon /kungfu/condition/job_busy, removed from /clone/user/user#4426813 ("“¡¿˚µ§")
Error: 0
Current conditions:([ /* sizeof() == 1 */
  "job_busy" : 45,
])
Failed to load condition daemon /kungfu/condition/job_busy, removed from /clone/user/user#4374925 ("∂¿π¬¬‹¿Ú")
Error: 0
Current conditions:([ /* sizeof() == 1 */
  "job_busy" : 45,
])
Failed to load condition daemon /kungfu/condition/job_busy, removed from /clone/user/user#4426813 ("“¡¿˚µ§")
Error: 0
Current conditions:([ /* sizeof() == 1 */
  "job_busy" : 45,
])
Failed to load condition daemon /kungfu/condition/job_busy, removed from /clone/user/user#4426813 ("“¡¿˚µ§")
Error: 0
Current conditions:([ /* sizeof() == 1 */
  "job_busy" : 45,
])
Failed to load condition daemon /kungfu/condition/job_busy, removed from /clone/user/user#4374925 ("∂¿π¬¬‹¿Ú")
Error: 0
Current conditions:([ /* sizeof() == 1 */
  "job_busy" : 45,
])
Failed to load condition daemon /kungfu/condition/job_busy, removed from /clone/user/user#4374925 ("∂¿π¬¬‹¿Ú")
Error: 0
Current conditions:([ /* sizeof() == 1 */
  "job_busy" : 45,
])
Failed to load condition daemon /kungfu/condition/job_busy, removed from /clone/user/user#4426813 ("“¡¿˚µ§")
Error: 0
Current conditions:([ /* sizeof() == 1 */
  "job_busy" : 45,
])
Failed to load condition daemon /kungfu/condition/job_busy, removed from /clone/user/user#4504682 ("√Œ–«")
Error: 0
Current conditions:([ /* sizeof() == 2 */
  "job_busy" : 45,
  "killer" : 2052,
])
Failed to load condition daemon /kungfu/condition/job_busy, removed from /clone/user/user#4548550 ("“¡¿˚µ§")
Error: 0
Current conditions:([ /* sizeof() == 1 */
  "job_busy" : 45,
])
Failed to load condition daemon /kungfu/condition/job_busy, removed from /clone/user/user#4504682 ("√Œ–«")
Error: 0
Current conditions:([ /* sizeof() == 3 */
  "job_busy" : 45,
  "killer" : 2025,
  "medicine" : 4,
])
Failed to load condition daemon /kungfu/condition/job_busy, removed from /clone/user/user#4548550 ("“¡¿˚µ§")
Error: 0
Current conditions:([ /* sizeof() == 1 */
  "job_busy" : 45,
])
Failed to load condition daemon /kungfu/condition/job_busy, removed from /clone/user/user#4548550 ("“¡¿˚µ§")
Error: 0
Current conditions:([ /* sizeof() == 1 */
  "job_busy" : 45,
])
Failed to load condition daemon /kungfu/condition/job_busy, removed from /clone/user/user#4504682 ("√Œ–«")
Error: 0
Current conditions:([ /* sizeof() == 2 */
  "job_busy" : 45,
  "killer" : 2003,
])
Failed to load condition daemon /kungfu/condition/job_busy, removed from /clone/user/user#4504682 ("√Œ–«")
Error: 0
Current conditions:([ /* sizeof() == 3 */
  "job_busy" : 45,
  "killer" : 1987,
  "medicine" : 4,
])
Failed to load condition daemon /kungfu/condition/job_busy, removed from /clone/user/user#4548550 ("“¡¿˚µ§")
Error: 0
Current conditions:([ /* sizeof() == 1 */
  "job_busy" : 45,
])
Failed to load condition daemon /kungfu/condition/job_busy, removed from /clone/user/user#4548550 ("“¡¿˚µ§")
Error: 0
Current conditions:([ /* sizeof() == 1 */
  "job_busy" : 45,
])
Failed to load condition daemon /kungfu/condition/job_busy, removed from /clone/user/user#4504682 ("√Œ–«")
Error: 0
Current conditions:([ /* sizeof() == 3 */
  "job_busy" : 45,
  "killer" : 1967,
  "medicine" : 4,
])
Failed to load condition daemon /kungfu/condition/job_busy, removed from /clone/user/user#4611482 ("√Œ–«")
Error: 0
Current conditions:([ /* sizeof() == 1 */
  "job_busy" : 45,
])
Failed to load condition daemon /kungfu/condition/job_busy, removed from /clone/user/user#4633212 ("“¡¿˚µ§")
Error: 0
Current conditions:([ /* sizeof() == 1 */
  "job_busy" : 45,
])
Failed to load condition daemon /kungfu/condition/job_busy, removed from /clone/user/user#4611482 ("√Œ–«")
Error: 0
Current conditions:([ /* sizeof() == 1 */
  "job_busy" : 45,
])
Failed to load condition daemon /kungfu/condition/job_busy, removed from /clone/user/user#4633212 ("“¡¿˚µ§")
Error: 0
Current conditions:([ /* sizeof() == 1 */
  "job_busy" : 45,
])
Failed to load condition daemon /kungfu/condition/job_busy, removed from /clone/user/user#4611482 ("√Œ–«")
Error: 0
Current conditions:([ /* sizeof() == 2 */
  "job_busy" : 45,
  "medicine" : 4,
])
Failed to load condition daemon /kungfu/condition/job_busy, removed from /clone/user/user#4633212 ("“¡¿˚µ§")
Error: 0
Current conditions:([ /* sizeof() == 1 */
  "job_busy" : 45,
])
Failed to load condition daemon /kungfu/condition/job_busy, removed from /clone/user/user#4611482 ("√Œ–«")
Error: 0
Current conditions:([ /* sizeof() == 1 */
  "job_busy" : 45,
])
Failed to load condition daemon /kungfu/condition/job_busy, removed from /clone/user/user#4633212 ("“¡¿˚µ§")
Error: 0
Current conditions:([ /* sizeof() == 1 */
  "job_busy" : 45,
])
Failed to load condition daemon /kungfu/condition/job_busy, removed from /clone/user/user#4611482 ("√Œ–«")
Error: 0
Current conditions:([ /* sizeof() == 1 */
  "job_busy" : 45,
])
Failed to load condition daemon /kungfu/condition/job_busy, removed from /clone/user/user#4633212 ("“¡¿˚µ§")
Error: 0
Current conditions:([ /* sizeof() == 2 */
  "job_busy" : 45,
  "medicine" : 1,
])
Failed to load condition daemon /kungfu/condition/job_busy, removed from /clone/user/user#4723635 ("√Œ–«")
Error: 0
Current conditions:([ /* sizeof() == 1 */
  "job_busy" : 45,
])
Failed to load condition daemon /kungfu/condition/job_busy, removed from /clone/user/user#4752616 ("“¡¿˚µ§")
Error: 0
Current conditions:([ /* sizeof() == 1 */
  "job_busy" : 45,
])
Failed to load condition daemon /kungfu/condition/job_busy, removed from /clone/user/user#4723635 ("√Œ–«")
Error: 0
Current conditions:([ /* sizeof() == 2 */
  "job_busy" : 45,
  "medicine" : 1,
])
Failed to load condition daemon /kungfu/condition/job_busy, removed from /clone/user/user#4752616 ("“¡¿˚µ§")
Error: 0
Current conditions:([ /* sizeof() == 1 */
  "job_busy" : 45,
])
Failed to load condition daemon /kungfu/condition/job_busy, removed from /clone/user/user#4723635 ("√Œ–«")
Error: 0
Current conditions:([ /* sizeof() == 2 */
  "job_busy" : 45,
  "medicine" : 4,
])
Failed to load condition daemon /kungfu/condition/job_busy, removed from /clone/user/user#4752616 ("“¡¿˚µ§")
Error: 0
Current conditions:([ /* sizeof() == 1 */
  "job_busy" : 45,
])
Failed to load condition daemon /kungfu/condition/job_busy, removed from /clone/user/user#4723635 ("√Œ–«")
Error: 0
Current conditions:([ /* sizeof() == 2 */
  "job_busy" : 45,
  "medicine" : 4,
])
Failed to load condition daemon /kungfu/condition/job_busy, removed from /clone/user/user#4752616 ("“¡¿˚µ§")
Error: 0
Current conditions:([ /* sizeof() == 1 */
  "job_busy" : 45,
])
Failed to load condition daemon /kungfu/condition/job_busy, removed from /clone/user/user#4752616 ("“¡¿˚µ§")
Error: 0
Current conditions:([ /* sizeof() == 1 */
  "job_busy" : 45,
])
Failed to load condition daemon /kungfu/condition/job_busy, removed from /clone/user/user#4723635 ("√Œ–«")
Error: 0
Current conditions:([ /* sizeof() == 1 */
  "job_busy" : 45,
])
Failed to load condition daemon /kungfu/condition/job_busy, removed from /clone/user/user#4769877 ("√Œ–«")
Error: 0
Current conditions:([ /* sizeof() == 1 */
  "job_busy" : 45,
])
Failed to load condition daemon /kungfu/condition/job_busy, removed from /clone/user/user#4612394 ("∫˙∑Á“›")
Error: 0
Current conditions:([ /* sizeof() == 1 */
  "job_busy" : 45,
])
Failed to load condition daemon /kungfu/condition/job_busy, removed from /clone/user/user#4822705 ("“¡¿˚µ§")
Error: 0
Current conditions:([ /* sizeof() == 1 */
  "job_busy" : 45,
])
Failed to load condition daemon /kungfu/condition/job_busy, removed from /clone/user/user#4612394 ("∫˙∑Á“›")
Error: 0
Current conditions:([ /* sizeof() == 1 */
  "job_busy" : 45,
])
Failed to load condition daemon /kungfu/condition/job_busy, removed from /clone/user/user#4822705 ("“¡¿˚µ§")
Error: 0
Current conditions:([ /* sizeof() == 1 */
  "job_busy" : 45,
])
Failed to load condition daemon /kungfu/condition/job_busy, removed from /clone/user/user#4612394 ("∫˙∑Á“›")
Error: 0
Current conditions:([ /* sizeof() == 1 */
  "job_busy" : 45,
])
Failed to load condition daemon /kungfu/condition/job_busy, removed from /clone/user/user#4822705 ("“¡¿˚µ§")
Error: 0
Current conditions:([ /* sizeof() == 1 */
  "job_busy" : 45,
])
Failed to load condition daemon /kungfu/condition/job_busy, removed from /clone/user/user#4612394 ("∫˙∑Á“›")
Error: 0
Current conditions:([ /* sizeof() == 1 */
  "job_busy" : 45,
])
Failed to load condition daemon /kungfu/condition/job_busy, removed from /clone/user/user#4822705 ("“¡¿˚µ§")
Error: 0
Current conditions:([ /* sizeof() == 1 */
  "job_busy" : 45,
])
Failed to load condition daemon /kungfu/condition/job_busy, removed from /clone/user/user#4612394 ("∫˙∑Á“›")
Error: 0
Current conditions:([ /* sizeof() == 1 */
  "job_busy" : 45,
])
Failed to load condition daemon /kungfu/condition/job_busy, removed from /clone/user/user#4822705 ("“¡¿˚µ§")
Error: 0
Current conditions:([ /* sizeof() == 1 */
  "job_busy" : 45,
])
Failed to load condition daemon /kungfu/condition/job_busy, removed from /clone/user/user#4948265 ("√Œ–«")
Error: 0
Current conditions:([ /* sizeof() == 1 */
  "job_busy" : 45,
])
Failed to load condition daemon /kungfu/condition/job_busy, removed from /clone/user/user#4612394 ("∫˙∑Á“›")
Error: 0
Current conditions:([ /* sizeof() == 1 */
  "job_busy" : 45,
])
Failed to load condition daemon /kungfu/condition/job_busy, removed from /clone/user/user#4920983 ("“¡¿˚µ§")
Error: 0
Current conditions:([ /* sizeof() == 1 */
  "job_busy" : 45,
])
Failed to load condition daemon /kungfu/condition/job_busy, removed from /clone/user/user#4905021 ("∂¿π¬¬‹¿Ú")
Error: 0
Current conditions:([ /* sizeof() == 1 */
  "job_busy" : 45,
])
Failed to load condition daemon /kungfu/condition/job_busy, removed from /clone/user/user#4920983 ("“¡¿˚µ§")
Error: 0
Current conditions:([ /* sizeof() == 1 */
  "job_busy" : 45,
])
Failed to load condition daemon /kungfu/condition/job_busy, removed from /clone/user/user#4948265 ("√Œ–«")
Error: 0
Current conditions:([ /* sizeof() == 1 */
  "job_busy" : 45,
])
Failed to load condition daemon /kungfu/condition/job_busy, removed from /clone/user/user#4905021 ("∂¿π¬¬‹¿Ú")
Error: 0
Current conditions:([ /* sizeof() == 1 */
  "job_busy" : 45,
])
Failed to load condition daemon /kungfu/condition/job_busy, removed from /clone/user/user#4612394 ("∫˙∑Á“›")
Error: 0
Current conditions:([ /* sizeof() == 1 */
  "job_busy" : 45,
])
Failed to load condition daemon /kungfu/condition/job_busy, removed from /clone/user/user#4920983 ("“¡¿˚µ§")
Error: 0
Current conditions:([ /* sizeof() == 1 */
  "job_busy" : 45,
])
Failed to load condition daemon /kungfu/condition/job_busy, removed from /clone/user/user#4948265 ("√Œ–«")
Error: 0
Current conditions:([ /* sizeof() == 2 */
  "job_busy" : 45,
  "medicine" : 4,
])
Failed to load condition daemon /kungfu/condition/job_busy, removed from /clone/user/user#4905021 ("∂¿π¬¬‹¿Ú")
Error: 0
Current conditions:([ /* sizeof() == 1 */
  "job_busy" : 45,
])
Failed to load condition daemon /kungfu/condition/job_busy, removed from /clone/user/user#4612394 ("∫˙∑Á“›")
Error: 0
Current conditions:([ /* sizeof() == 1 */
  "job_busy" : 45,
])
Failed to load condition daemon /kungfu/condition/job_busy, removed from /clone/user/user#4612394 ("∫˙∑Á“›")
Error: 0
Current conditions:([ /* sizeof() == 1 */
  "job_busy" : 45,
])
Failed to load condition daemon /kungfu/condition/job_busy, removed from /clone/user/user#4905021 ("∂¿π¬¬‹¿Ú")
Error: 0
Current conditions:([ /* sizeof() == 1 */
  "job_busy" : 45,
])
Failed to load condition daemon /kungfu/condition/job_busy, removed from /clone/user/user#4948265 ("√Œ–«")
Error: 0
Current conditions:([ /* sizeof() == 1 */
  "job_busy" : 45,
])
Failed to load condition daemon /kungfu/condition/job_busy, removed from /clone/user/user#4920983 ("“¡¿˚µ§")
Error: 0
Current conditions:([ /* sizeof() == 1 */
  "job_busy" : 45,
])
Failed to load condition daemon /kungfu/condition/job_busy, removed from /clone/user/user#4612394 ("∫˙∑Á“›")
Error: 0
Current conditions:([ /* sizeof() == 1 */
  "job_busy" : 45,
])
Failed to load condition daemon /kungfu/condition/job_busy, removed from /clone/user/user#4920983 ("“¡¿˚µ§")
Error: 0
Current conditions:([ /* sizeof() == 1 */
  "job_busy" : 45,
])
Failed to load condition daemon /kungfu/condition/job_busy, removed from /clone/user/user#4948265 ("√Œ–«")
Error: 0
Current conditions:([ /* sizeof() == 2 */
  "job_busy" : 45,
  "medicine" : 2,
])
Failed to load condition daemon /kungfu/condition/job_busy, removed from /clone/user/user#4905021 ("∂¿π¬¬‹¿Ú")
Error: 0
Current conditions:([ /* sizeof() == 1 */
  "job_busy" : 45,
])
Failed to load condition daemon /kungfu/condition/job_busy, removed from /clone/user/user#5057594 ("√Œ–«")
Error: 0
Current conditions:([ /* sizeof() == 1 */
  "job_busy" : 45,
])
Failed to load condition daemon /kungfu/condition/job_busy, removed from /clone/user/user#5046906 ("“¡¿˚µ§")
Error: 0
Current conditions:([ /* sizeof() == 1 */
  "job_busy" : 45,
])
Failed to load condition daemon /kungfu/condition/job_busy, removed from /clone/user/user#5057594 ("√Œ–«")
Error: 0
Current conditions:([ /* sizeof() == 1 */
  "job_busy" : 45,
])
Failed to load condition daemon /kungfu/condition/job_busy, removed from /clone/user/user#5046906 ("“¡¿˚µ§")
Error: 0
Current conditions:([ /* sizeof() == 1 */
  "job_busy" : 45,
])
Failed to load condition daemon /kungfu/condition/job_busy, removed from /clone/user/user#5050485 ("∂¿π¬¬‹¿Ú")
Error: 0
Current conditions:([ /* sizeof() == 2 */
  "job_busy" : 45,
  "medicine" : 1,
])
Failed to load condition daemon /kungfu/condition/job_busy, removed from /clone/user/user#5057594 ("√Œ–«")
Error: 0
Current conditions:([ /* sizeof() == 1 */
  "job_busy" : 45,
])
Failed to load condition daemon /kungfu/condition/job_busy, removed from /clone/user/user#5046906 ("“¡¿˚µ§")
Error: 0
Current conditions:([ /* sizeof() == 1 */
  "job_busy" : 45,
])
Failed to load condition daemon /kungfu/condition/job_busy, removed from /clone/user/user#5046906 ("“¡¿˚µ§")
Error: 0
Current conditions:([ /* sizeof() == 1 */
  "job_busy" : 45,
])
Failed to load condition daemon /kungfu/condition/job_busy, removed from /clone/user/user#5057594 ("√Œ–«")
Error: 0
Current conditions:([ /* sizeof() == 1 */
  "job_busy" : 45,
])
Failed to load condition daemon /kungfu/condition/job_busy, removed from /clone/user/user#5050485 ("∂¿π¬¬‹¿Ú")
Error: 0
Current conditions:([ /* sizeof() == 1 */
  "job_busy" : 45,
])
Failed to load condition daemon /kungfu/condition/job_busy, removed from /clone/user/user#5140401 ("∂¿π¬¬‹¿Ú")
Error: 0
Current conditions:([ /* sizeof() == 1 */
  "job_busy" : 45,
])
Failed to load condition daemon /kungfu/condition/job_busy, removed from /clone/user/user#5164513 ("√Œ–«")
Error: 0
Current conditions:([ /* sizeof() == 1 */
  "job_busy" : 45,
])
Failed to load condition daemon /kungfu/condition/job_busy, removed from /clone/user/user#5197096 ("“¡¿˚µ§")
Error: 0
Current conditions:([ /* sizeof() == 1 */
  "job_busy" : 45,
])
Failed to load condition daemon /kungfu/condition/job_busy, removed from /clone/user/user#5164513 ("√Œ–«")
Error: 0
Current conditions:([ /* sizeof() == 2 */
  "job_busy" : 45,
  "medicine" : 4,
])
Failed to load condition daemon /kungfu/condition/job_busy, removed from /clone/user/user#5140401 ("∂¿π¬¬‹¿Ú")
Error: 0
Current conditions:([ /* sizeof() == 1 */
  "job_busy" : 45,
])
Failed to load condition daemon /kungfu/condition/job_busy, removed from /clone/user/user#5197096 ("“¡¿˚µ§")
Error: 0
Current conditions:([ /* sizeof() == 1 */
  "job_busy" : 45,
])
Failed to load condition daemon /kungfu/condition/job_busy, removed from /clone/user/user#5140401 ("∂¿π¬¬‹¿Ú")
Error: 0
Current conditions:([ /* sizeof() == 1 */
  "job_busy" : 45,
])
Failed to load condition daemon /kungfu/condition/job_busy, removed from /clone/user/user#5164513 ("√Œ–«")
Error: 0
Current conditions:([ /* sizeof() == 2 */
  "job_busy" : 45,
  "medicine" : 1,
])
Failed to load condition daemon /kungfu/condition/job_busy, removed from /clone/user/user#5197096 ("“¡¿˚µ§")
Error: 0
Current conditions:([ /* sizeof() == 1 */
  "job_busy" : 45,
])
Failed to load condition daemon /kungfu/condition/job_busy, removed from /clone/user/user#5140401 ("∂¿π¬¬‹¿Ú")
Error: 0
Current conditions:([ /* sizeof() == 1 */
  "job_busy" : 45,
])
Failed to load condition daemon /kungfu/condition/job_busy, removed from /clone/user/user#5164513 ("√Œ–«")
Error: 0
Current conditions:([ /* sizeof() == 1 */
  "job_busy" : 45,
])
Failed to load condition daemon /kungfu/condition/job_busy, removed from /clone/user/user#5197096 ("“¡¿˚µ§")
Error: 0
Current conditions:([ /* sizeof() == 1 */
  "job_busy" : 45,
])
Failed to load condition daemon /kungfu/condition/job_busy, removed from /clone/user/user#5164513 ("√Œ–«")
Error: 0
Current conditions:([ /* sizeof() == 1 */
  "job_busy" : 45,
])
Failed to load condition daemon /kungfu/condition/job_busy, removed from /clone/user/user#5140401 ("∂¿π¬¬‹¿Ú")
Error: 0
Current conditions:([ /* sizeof() == 1 */
  "job_busy" : 45,
])
Failed to load condition daemon /kungfu/condition/job_busy, removed from /clone/user/user#5197096 ("“¡¿˚µ§")
Error: 0
Current conditions:([ /* sizeof() == 1 */
  "job_busy" : 45,
])
Failed to load condition daemon /kungfu/condition/job_busy, removed from /clone/user/user#5292889 ("∂¿π¬¬‹¿Ú")
Error: 0
Current conditions:([ /* sizeof() == 1 */
  "job_busy" : 45,
])
Failed to load condition daemon /kungfu/condition/job_busy, removed from /clone/user/user#5294640 ("“¡¿˚µ§")
Error: 0
Current conditions:([ /* sizeof() == 2 */
  "job_busy" : 45,
  "medicine" : 3,
])
Failed to load condition daemon /kungfu/condition/job_busy, removed from /clone/user/user#5292889 ("∂¿π¬¬‹¿Ú")
Error: 0
Current conditions:([ /* sizeof() == 2 */
  "job_busy" : 45,
  "medicine" : 1,
])
Failed to load condition daemon /kungfu/condition/job_busy, removed from /clone/user/user#5164513 ("√Œ–«")
Error: 0
Current conditions:([ /* sizeof() == 1 */
  "job_busy" : 45,
])
Failed to load condition daemon /kungfu/condition/job_busy, removed from /clone/user/user#5294640 ("“¡¿˚µ§")
Error: 0
Current conditions:([ /* sizeof() == 2 */
  "job_busy" : 45,
  "medicine" : 5,
])
Failed to load condition daemon /kungfu/condition/job_busy, removed from /clone/user/user#5294640 ("“¡¿˚µ§")
Error: 0
Current conditions:([ /* sizeof() == 1 */
  "job_busy" : 45,
])
Failed to load condition daemon /kungfu/condition/job_busy, removed from /clone/user/user#5164513 ("√Œ–«")
Error: 0
Current conditions:([ /* sizeof() == 2 */
  "job_busy" : 45,
  "medicine" : 2,
])
Failed to load condition daemon /kungfu/condition/job_busy, removed from /clone/user/user#5292889 ("∂¿π¬¬‹¿Ú")
Error: 0
Current conditions:([ /* sizeof() == 1 */
  "job_busy" : 45,
])
Failed to load condition daemon /kungfu/condition/job_busy, removed from /clone/user/user#5292889 ("∂¿π¬¬‹¿Ú")
Error: 0
Current conditions:([ /* sizeof() == 1 */
  "job_busy" : 45,
])
Failed to load condition daemon /kungfu/condition/job_busy, removed from /clone/user/user#5164513 ("√Œ–«")
Error: 0
Current conditions:([ /* sizeof() == 1 */
  "job_busy" : 45,
])
Failed to load condition daemon /kungfu/condition/job_busy, removed from /clone/user/user#5294640 ("“¡¿˚µ§")
Error: 0
Current conditions:([ /* sizeof() == 2 */
  "job_busy" : 45,
  "medicine" : 1,
])
Failed to load condition daemon /kungfu/condition/job_busy, removed from /clone/user/user#5164513 ("√Œ–«")
Error: 0
Current conditions:([ /* sizeof() == 1 */
  "job_busy" : 45,
])
Failed to load condition daemon /kungfu/condition/job_busy, removed from /clone/user/user#5292889 ("∂¿π¬¬‹¿Ú")
Error: 0
Current conditions:([ /* sizeof() == 1 */
  "job_busy" : 45,
])
Failed to load condition daemon /kungfu/condition/job_busy, removed from /clone/user/user#5294640 ("“¡¿˚µ§")
Error: 0
Current conditions:([ /* sizeof() == 2 */
  "job_busy" : 45,
  "medicine" : 1,
])
Failed to load condition daemon /kungfu/condition/job_busy, removed from /clone/user/user#5447160 ("“¡¿˚µ§")
Error: 0
Current conditions:([ /* sizeof() == 2 */
  "job_busy" : 45,
  "medicine" : 1,
])
Failed to load condition daemon /kungfu/condition/job_busy, removed from /clone/user/user#5373823 ("√Œ–«")
Error: 0
Current conditions:([ /* sizeof() == 1 */
  "job_busy" : 45,
])
Failed to load condition daemon /kungfu/condition/job_busy, removed from /clone/user/user#5373823 ("√Œ–«")
Error: 0
Current conditions:([ /* sizeof() == 1 */
  "job_busy" : 45,
])
Failed to load condition daemon /kungfu/condition/job_busy, removed from /clone/user/user#5447160 ("“¡¿˚µ§")
Error: 0
Current conditions:([ /* sizeof() == 2 */
  "job_busy" : 45,
  "medicine" : 1,
])
Failed to load condition daemon /kungfu/condition/job_busy, removed from /clone/user/user#5447160 ("“¡¿˚µ§")
Error: 0
Current conditions:([ /* sizeof() == 1 */
  "job_busy" : 45,
])
Failed to load condition daemon /kungfu/condition/job_busy, removed from /clone/user/user#5373823 ("√Œ–«")
Error: 0
Current conditions:([ /* sizeof() == 2 */
  "job_busy" : 45,
  "medicine" : 3,
])
Failed to load condition daemon /kungfu/condition/job_busy, removed from /clone/user/user#5498498 ("√Œ–«")
Error: 0
Current conditions:([ /* sizeof() == 1 */
  "job_busy" : 45,
])
Failed to load condition daemon /kungfu/condition/job_busy, removed from /clone/user/user#5447160 ("“¡¿˚µ§")
Error: 0
Current conditions:([ /* sizeof() == 1 */
  "job_busy" : 45,
])
Failed to load condition daemon /kungfu/condition/job_busy, removed from /clone/user/user#5498498 ("√Œ–«")
Error: 0
Current conditions:([ /* sizeof() == 1 */
  "job_busy" : 45,
])
Failed to load condition daemon /kungfu/condition/job_busy, removed from /clone/user/user#5447160 ("“¡¿˚µ§")
Error: 0
Current conditions:([ /* sizeof() == 1 */
  "job_busy" : 45,
])
Failed to load condition daemon /kungfu/condition/job_busy, removed from /clone/user/user#5582109 ("√Œ–«")
Error: 0
Current conditions:([ /* sizeof() == 1 */
  "job_busy" : 45,
])
Failed to load condition daemon /kungfu/condition/job_busy, removed from /clone/user/user#5580502 ("∂…ŒÚ")
Error: 0
Current conditions:([ /* sizeof() == 1 */
  "job_busy" : 45,
])
Failed to load condition daemon /kungfu/condition/job_busy, removed from /clone/user/user#5513154 ("“¡¿˚µ§")
Error: 0
Current conditions:([ /* sizeof() == 1 */
  "job_busy" : 45,
])
Failed to load condition daemon /kungfu/condition/job_busy, removed from /clone/user/user#5513154 ("“¡¿˚µ§")
Error: 0
Current conditions:([ /* sizeof() == 1 */
  "job_busy" : 45,
])
Failed to load condition daemon /kungfu/condition/job_busy, removed from /clone/user/user#5580502 ("∂…ŒÚ")
Error: 0
Current conditions:([ /* sizeof() == 1 */
  "job_busy" : 45,
])
Failed to load condition daemon /kungfu/condition/job_busy, removed from /clone/user/user#5582109 ("√Œ–«")
Error: 0
Current conditions:([ /* sizeof() == 1 */
  "job_busy" : 45,
])
Failed to load condition daemon /kungfu/condition/job_busy, removed from /clone/user/user#5513154 ("“¡¿˚µ§")
Error: 0
Current conditions:([ /* sizeof() == 1 */
  "job_busy" : 45,
])
Failed to load condition daemon /kungfu/condition/job_busy, removed from /clone/user/user#5582109 ("√Œ–«")
Error: 0
Current conditions:([ /* sizeof() == 1 */
  "job_busy" : 45,
])
Failed to load condition daemon /kungfu/condition/job_busy, removed from /clone/user/user#5582109 ("√Œ–«")
Error: 0
Current conditions:([ /* sizeof() == 1 */
  "job_busy" : 45,
])
Failed to load condition daemon /kungfu/condition/job_busy, removed from /clone/user/user#5513154 ("“¡¿˚µ§")
Error: 0
Current conditions:([ /* sizeof() == 1 */
  "job_busy" : 45,
])
Failed to load condition daemon /kungfu/condition/job_busy, removed from /clone/user/user#5513154 ("“¡¿˚µ§")
Error: 0
Current conditions:([ /* sizeof() == 1 */
  "job_busy" : 45,
])
Failed to load condition daemon /kungfu/condition/job_busy, removed from /clone/user/user#5582109 ("√Œ–«")
Error: 0
Current conditions:([ /* sizeof() == 1 */
  "job_busy" : 45,
])
Failed to load condition daemon /kungfu/condition/job_busy, removed from /clone/user/user#5592615 ("“¡¿˚µ§")
Error: 0
Current conditions:([ /* sizeof() == 2 */
  "job_busy" : 45,
  "killer" : 67,
])
Failed to load condition daemon /kungfu/condition/job_busy, removed from /clone/user/user#5582109 ("√Œ–«")
Error: 0
Current conditions:([ /* sizeof() == 1 */
  "job_busy" : 45,
])
Failed to load condition daemon /kungfu/condition/job_busy, removed from /clone/user/user#5679908 ("∫˙∑Á“›")
Error: 0
Current conditions:([ /* sizeof() == 1 */
  "job_busy" : 45,
])
Failed to load condition daemon /kungfu/condition/job_busy, removed from /clone/user/user#5592615 ("“¡¿˚µ§")
Error: 0
Current conditions:([ /* sizeof() == 2 */
  "job_busy" : 45,
  "killer" : 145,
])
Failed to load condition daemon /kungfu/condition/job_busy, removed from /clone/user/user#5582109 ("√Œ–«")
Error: 0
Current conditions:([ /* sizeof() == 1 */
  "job_busy" : 45,
])
Failed to load condition daemon /kungfu/condition/job_busy, removed from /clone/user/user#5679908 ("∫˙∑Á“›")
Error: 0
Current conditions:([ /* sizeof() == 1 */
  "job_busy" : 45,
])
Failed to load condition daemon /kungfu/condition/job_busy, removed from /clone/user/user#5582109 ("√Œ–«")
Error: 0
Current conditions:([ /* sizeof() == 1 */
  "job_busy" : 45,
])
Failed to load condition daemon /kungfu/condition/job_busy, removed from /clone/user/user#5679908 ("∫˙∑Á“›")
Error: 0
Current conditions:([ /* sizeof() == 1 */
  "job_busy" : 45,
])
Failed to load condition daemon /kungfu/condition/job_busy, removed from /clone/user/user#5592615 ("“¡¿˚µ§")
Error: 0
Current conditions:([ /* sizeof() == 2 */
  "job_busy" : 45,
  "killer" : 114,
])
Failed to load condition daemon /kungfu/condition/job_busy, removed from /clone/user/user#5582109 ("√Œ–«")
Error: 0
Current conditions:([ /* sizeof() == 1 */
  "job_busy" : 45,
])
Failed to load condition daemon /kungfu/condition/job_busy, removed from /clone/user/user#5679908 ("∫˙∑Á“›")
Error: 0
Current conditions:([ /* sizeof() == 1 */
  "job_busy" : 45,
])
Failed to load condition daemon /kungfu/condition/job_busy, removed from /clone/user/user#5592615 ("“¡¿˚µ§")
Error: 0
Current conditions:([ /* sizeof() == 2 */
  "job_busy" : 45,
  "killer" : 85,
])
Failed to load condition daemon /kungfu/condition/job_busy, removed from /clone/user/user#5592615 ("“¡¿˚µ§")
Error: 0
Current conditions:([ /* sizeof() == 2 */
  "job_busy" : 45,
  "killer" : 67,
])
Failed to load condition daemon /kungfu/condition/job_busy, removed from /clone/user/user#5582109 ("√Œ–«")
Error: 0
Current conditions:([ /* sizeof() == 1 */
  "job_busy" : 45,
])
Failed to load condition daemon /kungfu/condition/job_busy, removed from /clone/user/user#5679908 ("∫˙∑Á“›")
Error: 0
Current conditions:([ /* sizeof() == 1 */
  "job_busy" : 45,
])
Failed to load condition daemon /kungfu/condition/job_busy, removed from /clone/user/user#5753377 ("∑Ú≤Ó∏Á∏Á")
Error: 0
Current conditions:([ /* sizeof() == 1 */
  "job_busy" : 45,
])
Failed to load condition daemon /kungfu/condition/job_busy, removed from /clone/user/user#5763551 ("∂…ŒÚ")
Error: 0
Current conditions:([ /* sizeof() == 2 */
  "job_busy" : 45,
  "medicine" : 2,
])
Failed to load condition daemon /kungfu/condition/job_busy, removed from /clone/user/user#5592615 ("“¡¿˚µ§")
Error: 0
Current conditions:([ /* sizeof() == 1 */
  "job_busy" : 45,
])
Failed to load condition daemon /kungfu/condition/job_busy, removed from /clone/user/user#5749666 ("√Œ–«")
Error: 0
Current conditions:([ /* sizeof() == 1 */
  "job_busy" : 45,
])
Failed to load condition daemon /kungfu/condition/job_busy, removed from /clone/user/user#5763551 ("∂…ŒÚ")
Error: 0
Current conditions:([ /* sizeof() == 1 */
  "job_busy" : 45,
])
Failed to load condition daemon /kungfu/condition/job_busy, removed from /clone/user/user#5753377 ("∑Ú≤Ó∏Á∏Á")
Error: 0
Current conditions:([ /* sizeof() == 1 */
  "job_busy" : 45,
])
Failed to load condition daemon /kungfu/condition/job_busy, removed from /clone/user/user#5592615 ("“¡¿˚µ§")
Error: 0
Current conditions:([ /* sizeof() == 1 */
  "job_busy" : 45,
])
Failed to load condition daemon /kungfu/condition/job_busy, removed from /clone/user/user#5749666 ("√Œ–«")
Error: 0
Current conditions:([ /* sizeof() == 1 */
  "job_busy" : 45,
])
Failed to load condition daemon /kungfu/condition/job_busy, removed from /clone/user/user#5592615 ("“¡¿˚µ§")
Error: 0
Current conditions:([ /* sizeof() == 1 */
  "job_busy" : 45,
])
Failed to load condition daemon /kungfu/condition/job_busy, removed from /clone/user/user#5753377 ("∑Ú≤Ó∏Á∏Á")
Error: 0
Current conditions:([ /* sizeof() == 1 */
  "job_busy" : 45,
])
Failed to load condition daemon /kungfu/condition/job_busy, removed from /clone/user/user#5749666 ("√Œ–«")
Error: 0
Current conditions:([ /* sizeof() == 1 */
  "job_busy" : 45,
])
Failed to load condition daemon /kungfu/condition/job_busy, removed from /clone/user/user#5763551 ("∂…ŒÚ")
Error: 0
Current conditions:([ /* sizeof() == 2 */
  "job_busy" : 45,
  "medicine" : 1,
])
Failed to load condition daemon /kungfu/condition/job_busy, removed from /clone/user/user#5592615 ("“¡¿˚µ§")
Error: 0
Current conditions:([ /* sizeof() == 1 */
  "job_busy" : 45,
])
Failed to load condition daemon /kungfu/condition/job_busy, removed from /clone/user/user#5763551 ("∂…ŒÚ")
Error: 0
Current conditions:([ /* sizeof() == 1 */
  "job_busy" : 45,
])
Failed to load condition daemon /kungfu/condition/job_busy, removed from /clone/user/user#5768422 ("∑Ú≤Ó∏Á∏Á")
Error: 0
Current conditions:([ /* sizeof() == 1 */
  "job_busy" : 45,
])
Failed to load condition daemon /kungfu/condition/job_busy, removed from /clone/user/user#5749666 ("√Œ–«")
Error: 0
Current conditions:([ /* sizeof() == 1 */
  "job_busy" : 45,
])
Failed to load condition daemon /kungfu/condition/job_busy, removed from /clone/user/user#5768422 ("∑Ú≤Ó∏Á∏Á")
Error: 0
Current conditions:([ /* sizeof() == 1 */
  "job_busy" : 45,
])
Failed to load condition daemon /kungfu/condition/job_busy, removed from /clone/user/user#5749666 ("√Œ–«")
Error: 0
Current conditions:([ /* sizeof() == 1 */
  "job_busy" : 45,
])
Failed to load condition daemon /kungfu/condition/job_busy, removed from /clone/user/user#5592615 ("“¡¿˚µ§")
Error: 0
Current conditions:([ /* sizeof() == 1 */
  "job_busy" : 45,
])
Failed to load condition daemon /kungfu/condition/job_busy, removed from /clone/user/user#5763551 ("∂…ŒÚ")
Error: 0
Current conditions:([ /* sizeof() == 1 */
  "job_busy" : 45,
])
Failed to load condition daemon /kungfu/condition/job_busy, removed from /clone/user/user#5858198 ("∂…ŒÚ")
Error: 0
Current conditions:([ /* sizeof() == 1 */
  "job_busy" : 45,
])
Failed to load condition daemon /kungfu/condition/job_busy, removed from /clone/user/user#5770145 ("∑Ú≤Ó∏Á∏Á")
Error: 0
Current conditions:([ /* sizeof() == 1 */
  "job_busy" : 45,
])
Failed to load condition daemon /kungfu/condition/job_busy, removed from /clone/user/user#5864225 ("√Œ–«")
Error: 0
Current conditions:([ /* sizeof() == 1 */
  "job_busy" : 45,
])
Failed to load condition daemon /kungfu/condition/job_busy, removed from /clone/user/user#5848674 ("“¡¿˚µ§")
Error: 0
Current conditions:([ /* sizeof() == 1 */
  "job_busy" : 45,
])
Failed to load condition daemon /kungfu/condition/job_busy, removed from /clone/user/user#5858198 ("∂…ŒÚ")
Error: 0
Current conditions:([ /* sizeof() == 1 */
  "job_busy" : 45,
])
Failed to load condition daemon /kungfu/condition/job_busy, removed from /clone/user/user#5864225 ("√Œ–«")
Error: 0
Current conditions:([ /* sizeof() == 1 */
  "job_busy" : 45,
])
Failed to load condition daemon /kungfu/condition/job_busy, removed from /clone/user/user#5770145 ("∑Ú≤Ó∏Á∏Á")
Error: 0
Current conditions:([ /* sizeof() == 1 */
  "job_busy" : 45,
])
Failed to load condition daemon /kungfu/condition/job_busy, removed from /clone/user/user#5848674 ("“¡¿˚µ§")
Error: 0
Current conditions:([ /* sizeof() == 1 */
  "job_busy" : 45,
])
Failed to load condition daemon /kungfu/condition/job_busy, removed from /clone/user/user#5858198 ("∂…ŒÚ")
Error: 0
Current conditions:([ /* sizeof() == 1 */
  "job_busy" : 45,
])
Failed to load condition daemon /kungfu/condition/job_busy, removed from /clone/user/user#5864225 ("√Œ–«")
Error: 0
Current conditions:([ /* sizeof() == 1 */
  "job_busy" : 45,
])
Failed to load condition daemon /kungfu/condition/job_busy, removed from /clone/user/user#5848674 ("“¡¿˚µ§")
Error: 0
Current conditions:([ /* sizeof() == 1 */
  "job_busy" : 45,
])
Failed to load condition daemon /kungfu/condition/job_busy, removed from /clone/user/user#5770145 ("∑Ú≤Ó∏Á∏Á")
Error: 0
Current conditions:([ /* sizeof() == 1 */
  "job_busy" : 45,
])
Failed to load condition daemon /kungfu/condition/job_busy, removed from /clone/user/user#5848674 ("“¡¿˚µ§")
Error: 0
Current conditions:([ /* sizeof() == 1 */
  "job_busy" : 45,
])
Failed to load condition daemon /kungfu/condition/job_busy, removed from /clone/user/user#5864225 ("√Œ–«")
Error: 0
Current conditions:([ /* sizeof() == 1 */
  "job_busy" : 45,
])
Failed to load condition daemon /kungfu/condition/job_busy, removed from /clone/user/user#5770145 ("∑Ú≤Ó∏Á∏Á")
Error: 0
Current conditions:([ /* sizeof() == 1 */
  "job_busy" : 45,
])
Failed to load condition daemon /kungfu/condition/job_busy, removed from /clone/user/user#5858198 ("∂…ŒÚ")
Error: 0
Current conditions:([ /* sizeof() == 1 */
  "job_busy" : 45,
])
Failed to load condition daemon /kungfu/condition/job_busy, removed from /clone/user/user#5858198 ("∂…ŒÚ")
Error: 0
Current conditions:([ /* sizeof() == 1 */
  "job_busy" : 45,
])
Failed to load condition daemon /kungfu/condition/job_busy, removed from /clone/user/user#5848674 ("“¡¿˚µ§")
Error: 0
Current conditions:([ /* sizeof() == 1 */
  "job_busy" : 45,
])
Failed to load condition daemon /kungfu/condition/job_busy, removed from /clone/user/user#5864225 ("√Œ–«")
Error: 0
Current conditions:([ /* sizeof() == 1 */
  "job_busy" : 45,
])
Failed to load condition daemon /kungfu/condition/job_busy, removed from /clone/user/user#5770145 ("∑Ú≤Ó∏Á∏Á")
Error: 0
Current conditions:([ /* sizeof() == 1 */
  "job_busy" : 45,
])
Failed to load condition daemon /kungfu/condition/job_busy, removed from /clone/user/user#6055597 ("∂…ŒÚ")
Error: 0
Current conditions:([ /* sizeof() == 2 */
  "job_busy" : 45,
  "medicine" : 1,
])
Failed to load condition daemon /kungfu/condition/job_busy, removed from /clone/user/user#6024696 ("√Œ–«")
Error: 0
Current conditions:([ /* sizeof() == 2 */
  "job_busy" : 45,
  "medicine" : 4,
])
Failed to load condition daemon /kungfu/condition/job_busy, removed from /clone/user/user#6043889 ("“¡¿˚µ§")
Error: 0
Current conditions:([ /* sizeof() == 1 */
  "job_busy" : 45,
])
Failed to load condition daemon /kungfu/condition/job_busy, removed from /clone/user/user#6022743 ("∂¿π¬¬‹¿Ú")
Error: 0
Current conditions:([ /* sizeof() == 1 */
  "job_busy" : 45,
])
Failed to load condition daemon /kungfu/condition/job_busy, removed from /clone/user/user#6024696 ("√Œ–«")
Error: 0
Current conditions:([ /* sizeof() == 1 */
  "job_busy" : 45,
])
Failed to load condition daemon /kungfu/condition/job_busy, removed from /clone/user/user#6043889 ("“¡¿˚µ§")
Error: 0
Current conditions:([ /* sizeof() == 1 */
  "job_busy" : 45,
])
Failed to load condition daemon /kungfu/condition/job_busy, removed from /clone/user/user#6055597 ("∂…ŒÚ")
Error: 0
Current conditions:([ /* sizeof() == 2 */
  "job_busy" : 45,
  "medicine" : 1,
])
Failed to load condition daemon /kungfu/condition/job_busy, removed from /clone/user/user#6022743 ("∂¿π¬¬‹¿Ú")
Error: 0
Current conditions:([ /* sizeof() == 1 */
  "job_busy" : 45,
])
Failed to load condition daemon /kungfu/condition/job_busy, removed from /clone/user/user#6024696 ("√Œ–«")
Error: 0
Current conditions:([ /* sizeof() == 1 */
  "job_busy" : 45,
])
Failed to load condition daemon /kungfu/condition/job_busy, removed from /clone/user/user#6043889 ("“¡¿˚µ§")
Error: 0
Current conditions:([ /* sizeof() == 1 */
  "job_busy" : 45,
])
Failed to load condition daemon /kungfu/condition/job_busy, removed from /clone/user/user#6055597 ("∂…ŒÚ")
Error: 0
Current conditions:([ /* sizeof() == 2 */
  "job_busy" : 45,
  "medicine" : 3,
])
Failed to load condition daemon /kungfu/condition/job_busy, removed from /clone/user/user#6043889 ("“¡¿˚µ§")
Error: 0
Current conditions:([ /* sizeof() == 1 */
  "job_busy" : 45,
])
Failed to load condition daemon /kungfu/condition/job_busy, removed from /clone/user/user#6024696 ("√Œ–«")
Error: 0
Current conditions:([ /* sizeof() == 1 */
  "job_busy" : 45,
])
Failed to load condition daemon /kungfu/condition/job_busy, removed from /clone/user/user#6055597 ("∂…ŒÚ")
Error: 0
Current conditions:([ /* sizeof() == 1 */
  "job_busy" : 45,
])
Failed to load condition daemon /kungfu/condition/job_busy, removed from /clone/user/user#6022743 ("∂¿π¬¬‹¿Ú")
Error: 0
Current conditions:([ /* sizeof() == 1 */
  "job_busy" : 45,
])
Failed to load condition daemon /kungfu/condition/job_busy, removed from /clone/user/user#6022743 ("∂¿π¬¬‹¿Ú")
Error: 0
Current conditions:([ /* sizeof() == 1 */
  "job_busy" : 45,
])
Failed to load condition daemon /kungfu/condition/job_busy, removed from /clone/user/user#6043889 ("“¡¿˚µ§")
Error: 0
Current conditions:([ /* sizeof() == 1 */
  "job_busy" : 45,
])
Failed to load condition daemon /kungfu/condition/job_busy, removed from /clone/user/user#6055597 ("∂…ŒÚ")
Error: 0
Current conditions:([ /* sizeof() == 1 */
  "job_busy" : 45,
])
Failed to load condition daemon /kungfu/condition/job_busy, removed from /clone/user/user#6024696 ("√Œ–«")
Error: 0
Current conditions:([ /* sizeof() == 1 */
  "job_busy" : 45,
])
Failed to load condition daemon /kungfu/condition/job_busy, removed from /clone/user/user#6117276 ("“¡¿˚µ§")
Error: 0
Current conditions:([ /* sizeof() == 1 */
  "job_busy" : 45,
])
Failed to load condition daemon /kungfu/condition/job_busy, removed from /clone/user/user#6125434 ("√Œ–«")
Error: 0
Current conditions:([ /* sizeof() == 1 */
  "job_busy" : 45,
])
Failed to load condition daemon /kungfu/condition/job_busy, removed from /clone/user/user#6125434 ("√Œ–«")
Error: 0
Current conditions:([ /* sizeof() == 2 */
  "job_busy" : 45,
  "medicine" : 4,
])
Failed to load condition daemon /kungfu/condition/job_busy, removed from /clone/user/user#6117276 ("“¡¿˚µ§")
Error: 0
Current conditions:([ /* sizeof() == 1 */
  "job_busy" : 45,
])
Failed to load condition daemon /kungfu/condition/job_busy, removed from /clone/user/user#6125434 ("√Œ–«")
Error: 0
Current conditions:([ /* sizeof() == 1 */
  "job_busy" : 45,
])
Failed to load condition daemon /kungfu/condition/job_busy, removed from /clone/user/user#6146424 ("∂…ŒÚ")
Error: 0
Current conditions:([ /* sizeof() == 1 */
  "job_busy" : 45,
])
Failed to load condition daemon /kungfu/condition/job_busy, removed from /clone/user/user#6117276 ("“¡¿˚µ§")
Error: 0
Current conditions:([ /* sizeof() == 1 */
  "job_busy" : 45,
])
Failed to load condition daemon /kungfu/condition/job_busy, removed from /clone/user/user#6125434 ("√Œ–«")
Error: 0
Current conditions:([ /* sizeof() == 1 */
  "job_busy" : 45,
])
Failed to load condition daemon /kungfu/condition/job_busy, removed from /clone/user/user#6146424 ("∂…ŒÚ")
Error: 0
Current conditions:([ /* sizeof() == 1 */
  "job_busy" : 45,
])
Failed to load condition daemon /kungfu/condition/job_busy, removed from /clone/user/user#6117276 ("“¡¿˚µ§")
Error: 0
Current conditions:([ /* sizeof() == 1 */
  "job_busy" : 45,
])
Failed to load condition daemon /kungfu/condition/job_busy, removed from /clone/user/user#6146424 ("∂…ŒÚ")
Error: 0
Current conditions:([ /* sizeof() == 1 */
  "job_busy" : 45,
])
Failed to load condition daemon /kungfu/condition/job_busy, removed from /clone/user/user#6117276 ("“¡¿˚µ§")
Error: 0
Current conditions:([ /* sizeof() == 1 */
  "job_busy" : 45,
])
Failed to load condition daemon /kungfu/condition/job_busy, removed from /clone/user/user#6125434 ("√Œ–«")
Error: 0
Current conditions:([ /* sizeof() == 2 */
  "job_busy" : 45,
  "medicine" : 3,
])
Failed to load condition daemon /kungfu/condition/job_busy, removed from /clone/user/user#6290475 ("√Œ–«")
Error: 0
Current conditions:([ /* sizeof() == 1 */
  "job_busy" : 45,
])
Failed to load condition daemon /kungfu/condition/job_busy, removed from /clone/user/user#6263238 ("“¡¿˚µ§")
Error: 0
Current conditions:([ /* sizeof() == 1 */
  "job_busy" : 45,
])
Failed to load condition daemon /kungfu/condition/job_busy, removed from /clone/user/user#6263238 ("“¡¿˚µ§")
Error: 0
Current conditions:([ /* sizeof() == 1 */
  "job_busy" : 45,
])
Failed to load condition daemon /kungfu/condition/job_busy, removed from /clone/user/user#6290475 ("√Œ–«")
Error: 0
Current conditions:([ /* sizeof() == 2 */
  "job_busy" : 45,
  "medicine" : 2,
])
Failed to load condition daemon /kungfu/condition/job_busy, removed from /clone/user/user#6290475 ("√Œ–«")
Error: 0
Current conditions:([ /* sizeof() == 2 */
  "job_busy" : 45,
  "medicine" : 3,
])
Failed to load condition daemon /kungfu/condition/job_busy, removed from /clone/user/user#6263238 ("“¡¿˚µ§")
Error: 0
Current conditions:([ /* sizeof() == 1 */
  "job_busy" : 45,
])
Failed to load condition daemon /kungfu/condition/job_busy, removed from /clone/user/user#6290475 ("√Œ–«")
Error: 0
Current conditions:([ /* sizeof() == 1 */
  "job_busy" : 45,
])
Failed to load condition daemon /kungfu/condition/job_busy, removed from /clone/user/user#6263238 ("“¡¿˚µ§")
Error: 0
Current conditions:([ /* sizeof() == 1 */
  "job_busy" : 45,
])
Failed to load condition daemon /kungfu/condition/job_busy, removed from /clone/user/user#6290475 ("√Œ–«")
Error: 0
Current conditions:([ /* sizeof() == 1 */
  "job_busy" : 45,
])
Failed to load condition daemon /kungfu/condition/job_busy, removed from /clone/user/user#6263238 ("“¡¿˚µ§")
Error: 0
Current conditions:([ /* sizeof() == 1 */
  "job_busy" : 45,
])
