Event backend in use: poll
==== LPC Predefines ====
#define FLUFFOS 
#define HAS_DEBUG_LEVEL 
#define HAS_ED 
#define HAS_PRINTF 
#define MAX_FLOAT 179769313486231570814527423731704356798070600000000000000000000000000000000000000000000000000000000000000000000000000000000000000000000000000000000000000000000000000000000000000000000000000000000000000000000000000000000000000000000000000000000000000000000000000000000000000000000000000000000000000000000000000.000000
#define MAX_INT 9223372036854775807
#define MIN_FLOAT 0.000000
#define MIN_INT -9223372036854775808
#define MUDOS 
#define MUD_NAME "Ã∆√≈"
#define SIZEOFINT 8
#define __ARCH__ "Cygwin-32"
#define __ARGUMENTS_IN_TRACEBACK__ 
#define __ARRAY_STATS__ 
#define __AUTO_SETEUID__ 
#define __CACHE_STATS__ 
#define __CALLOUT_HANDLES__ 
#define __CFG_COMPILER_STACK_SIZE__ 600
#define __CFG_EVALUATOR_STACK_SIZE__ 65536
#define __CFG_LIVING_HASH_SIZE__ 256
#define __CFG_MAX_CALL_DEPTH__ 150
#define __CFG_MAX_GLOBAL_VARIABLES__ 65536
#define __CFG_MAX_LOCAL_VARIABLES__ 50
#define __CLASS_STATS__ 
#define __COMMAND_BUF_SIZE__ 2000
#define __COMPILER__ "g++"
#define __CXXFLAGS__ "-march=native -Wall -Wextra -Wformat -Werror=format-security -Wno-char-subscripts -Wno-sign-compare -Wno-return-type -Wno-unused-parameter -Wno-missing-field-initializers -Wno-overloaded-virtual -Wno-non-virtual-dtor -fdiagnostics-show-option -fmessage-length=0 -funsigned-char -fwrapv -O3 -funroll-loops -DNDEBUG -g -D_GNU_SOURCE -fno-omit-frame-pointer -iquote. -flto -fPIE   -I/usr/include "
#define __DEBUG_MACRO__ 
#define __DEFAULT_PRAGMAS__ PRAGMA_SAVE_TYPES + PRAGMA_ERROR_CONTEXT + PRAGMA_OPTIMIZE
#define __ED_INDENT_SPACES__ 4
#define __ED_TAB_WIDTH__ 8
#define __GET_CHAR_IS_BUFFERED__ 
#define __HAS_CONSOLE__ 
#define __LARGEST_PRINTABLE_STRING__ 8192
#define __LARGE_STRING_SIZE__ 1000
#define __LOCALS_IN_TRACEBACK__ 
#define __MAX_SAVE_SVALUE_DEPTH__ 100
#define __MUDLIB_ERROR_HANDLER__ 
#define __NDEBUG__ 1
#define __OLD_ED__ 
#define __OPTIMIZATION__ "-O3 -funroll-loops"
#define __PACKAGE_ASYNC__ 
#define __PACKAGE_COMPRESS__ 
#define __PACKAGE_CONTRIB__ 
#define __PACKAGE_CORE__ 
#define __PACKAGE_DEVELOP__ 
#define __PACKAGE_EXTERNAL__ 
#define __PACKAGE_MATH__ 
#define __PACKAGE_MATRIX__ 
#define __PACKAGE_MUDLIB_STATS__ 
#define __PACKAGE_OPS__ 
#define __PACKAGE_PCRE__ 
#define __PACKAGE_SHA1__ 
#define __PACKAGE_SOCKETS__ 
#define __PACKAGE_TRIM__ 
#define __PACKAGE_UIDS__ 
#define __PORT__ 3000
#define __RANDOMIZED_RESETS__ 
#define __RECEIVE_SNOOP__ 
#define __REF_RESERVED_WORD__ 
#define __RESTRICTED_ED__ 
#define __SANE_EXPLODE_STRING__ 
#define __SANE_SORTING__ 
#define __SAVE_EXTENSION__ ".o"
#define __SAVE_GZ_EXTENSION__ ".o.gz"
#define __SMALL_STRING_SIZE__ 100
#define __STRING_STATS__ 
#define __STRUCT_CLASS__ 
#define __STRUCT_STRUCT__ 
#define __SUPPRESS_ARGUMENT_WARNINGS__ 
#define __THIS_PLAYER_IN_CALL_OUT__ 
#define __TRACE__ 
#define __TRAP_CRASHES__ 
#define __USE_32BIT_ADDRESSES__ 
#define __VERSION__ "FluffOS 3.0.20170907 (git-local-b1453d8-1533937850)"
#define __WARN_OLD_RANGE_BEHAVIOR__ 
========================

Loading preload files ...
/adm/daemons/afkd...
/adm/daemons/logind...
/adm/daemons/virtuald...
/adm/daemons/rankd...
/adm/daemons/commandd...
/adm/daemons/chinesed...
/adm/daemons/emoted...
/adm/daemons/aliasd...
/adm/daemons/fingerd...
/adm/daemons/channeld...
/adm/daemons/natured...
/adm/daemons/named...
/adm/daemons/punishd...
/adm/daemons/storyd...
/adm/daemons/eventd...
/adm/daemons/closed...
/adm/daemons/pkd...
/adm/daemons/memoryd...
/adm/daemons/messaged...
/adm/daemons/backupd...
/adm/daemons/payd...
/adm/daemons/mapd...
/adm/daemons/familyd...
/adm/daemons/questd...
/adm/daemons/cpud...
/adm/daemons/bossd...
/adm/daemons/suitd...
/adm/daemons/autonpc...
Accepting connections on 0.0.0.0:3000.
Initializations complete.

